  run.cpp
c:\users\gigabyte\source\repos\textextract\textextract\utilization.h(28): warning C4244: '인수': 'float'에서 '_Tp'(으)로 변환하면서 데이터가 손실될 수 있습니다.
          with
          [
              _Tp=int
          ]
c:\users\gigabyte\source\repos\textextract\textextract\utilization.h(121): warning C4244: '=': 'float'에서 'int'(으)로 변환하면서 데이터가 손실될 수 있습니다.
c:\users\gigabyte\source\repos\textextract\textextract\utilization.h(125): warning C4244: '=': 'float'에서 'int'(으)로 변환하면서 데이터가 손실될 수 있습니다.
c:\users\gigabyte\source\repos\textextract\textextract\utilization.h(136): warning C4244: '=': 'float'에서 'int'(으)로 변환하면서 데이터가 손실될 수 있습니다.
c:\users\gigabyte\source\repos\textextract\textextract\utilization.h(140): warning C4244: '=': 'float'에서 'int'(으)로 변환하면서 데이터가 손실될 수 있습니다.
c:\users\gigabyte\source\repos\textextract\textextract\utilization.h(211): warning C4244: '인수': 'int'에서 '_Tp'(으)로 변환하면서 데이터가 손실될 수 있습니다.
          with
          [
              _Tp=float
          ]
c:\users\gigabyte\source\repos\textextract\textextract\utilization.h(212): warning C4244: '인수': 'int'에서 '_Tp'(으)로 변환하면서 데이터가 손실될 수 있습니다.
          with
          [
              _Tp=float
          ]
c:\users\gigabyte\source\repos\textextract\textextract\utilization.h(213): warning C4244: '인수': 'int'에서 '_Tp'(으)로 변환하면서 데이터가 손실될 수 있습니다.
          with
          [
              _Tp=float
          ]
c:\users\gigabyte\source\repos\textextract\textextract\utilization.h(247): warning C4244: '인수': 'int'에서 '_Tp'(으)로 변환하면서 데이터가 손실될 수 있습니다.
          with
          [
              _Tp=float
          ]
c:\users\gigabyte\source\repos\textextract\textextract\utilization.h(248): warning C4244: '인수': 'int'에서 '_Tp'(으)로 변환하면서 데이터가 손실될 수 있습니다.
          with
          [
              _Tp=float
          ]
c:\users\gigabyte\source\repos\textextract\textextract\utilization.h(249): warning C4244: '인수': 'int'에서 '_Tp'(으)로 변환하면서 데이터가 손실될 수 있습니다.
          with
          [
              _Tp=float
          ]
c:\users\gigabyte\source\repos\textextract\textextract\run.cpp(49): warning C4244: '초기화 중': 'double'에서 'long'(으)로 변환하면서 데이터가 손실될 수 있습니다.
c:\users\gigabyte\source\repos\textextract\textextract\run.cpp(66): warning C4267: '초기화 중': 'size_t'에서 'int'(으)로 변환하면서 데이터가 손실될 수 있습니다.
c:\users\gigabyte\source\repos\textextract\textextract\run.cpp(139): warning C4267: '인수': 'size_t'에서 'int'(으)로 변환하면서 데이터가 손실될 수 있습니다.
  코드를 생성하고 있습니다.
  1 of 665 functions ( 0.2%) were compiled, the rest were copied from previous compilation.
    0 functions were new in current compilation
    0 functions had inline decision re-evaluated but remain unchanged
  코드를 생성했습니다.
  textExtract.vcxproj -> C:\Users\GIGABYTE\source\repos\textExtract\x64\Release\textExtract.exe
