c:\users\gigabyte\source\repos\subttextcreator\subttextcreator\x64\release\vc141.pdb
c:\users\gigabyte\source\repos\subttextcreator\subttextcreator\x64\release\preprocess.obj
c:\users\gigabyte\source\repos\subttextcreator\subttextcreator\x64\release\main.obj
c:\users\gigabyte\source\repos\subttextcreator\x64\release\subttextcreator.exe
c:\users\gigabyte\source\repos\subttextcreator\x64\release\subttextcreator.pdb
c:\users\gigabyte\source\repos\subttextcreator\x64\release\subttextcreator.ipdb
c:\users\gigabyte\source\repos\subttextcreator\x64\release\subttextcreator.iobj
c:\users\gigabyte\source\repos\subttextcreator\subttextcreator\x64\release\vcpkg.applocal.log
c:\users\gigabyte\source\repos\subttextcreator\x64\release\leptonica-1.76.0.dll
c:\users\gigabyte\source\repos\subttextcreator\x64\release\jpeg62.dll
c:\users\gigabyte\source\repos\subttextcreator\x64\release\libpng16.dll
c:\users\gigabyte\source\repos\subttextcreator\x64\release\zlib1.dll
c:\users\gigabyte\source\repos\subttextcreator\x64\release\tiff.dll
c:\users\gigabyte\source\repos\subttextcreator\x64\release\lzma.dll
c:\users\gigabyte\source\repos\subttextcreator\subttextcreator\x64\release\subttextcreator.tlog\cl.command.1.tlog
c:\users\gigabyte\source\repos\subttextcreator\subttextcreator\x64\release\subttextcreator.tlog\cl.read.1.tlog
c:\users\gigabyte\source\repos\subttextcreator\subttextcreator\x64\release\subttextcreator.tlog\cl.write.1.tlog
c:\users\gigabyte\source\repos\subttextcreator\subttextcreator\x64\release\subttextcreator.tlog\link.command.1.tlog
c:\users\gigabyte\source\repos\subttextcreator\subttextcreator\x64\release\subttextcreator.tlog\link.read.1.tlog
c:\users\gigabyte\source\repos\subttextcreator\subttextcreator\x64\release\subttextcreator.tlog\link.write.1.tlog
c:\users\gigabyte\source\repos\subttextcreator\subttextcreator\x64\release\subttextcreator.tlog\subttextcreator.write.1u.tlog
